Using pre-set license
Built from '2021.3/staging' branch; Version is '2021.3.4f1 (cb45f9cae8b7) revision 13321721'; Using compiler version '192829333'; Build Type 'Release'
OS: 'Windows 10  (10.0.19045) 64bit Core' Language: 'tr' Physical Memory: 16254 MB
BatchMode: 1, IsHumanControllingUs: 0, StartBugReporterOnCrash: 0, Is64bit: 1, IsPro: 1

COMMAND LINE ARGUMENTS:
C:\Program Files\Unity\Hub\Editor\2021.3.4f1\Editor\Unity.exe
-adb2
-batchMode
-noUpm
-name
AssetImportWorker0
-projectPath
C:/Users/karak/3D-RPG
-logFile
Logs/AssetImportWorker0.log
-srvPort
53957
Successfully changed project path to: C:/Users/karak/3D-RPG
C:/Users/karak/3D-RPG
[UnityMemory] Configuration Parameters - Can be set up in boot.config
    "memorysetup-bucket-allocator-granularity=16"
    "memorysetup-bucket-allocator-bucket-count=8"
    "memorysetup-bucket-allocator-block-size=33554432"
    "memorysetup-bucket-allocator-block-count=8"
    "memorysetup-main-allocator-block-size=16777216"
    "memorysetup-thread-allocator-block-size=16777216"
    "memorysetup-gfx-main-allocator-block-size=16777216"
    "memorysetup-gfx-thread-allocator-block-size=16777216"
    "memorysetup-cache-allocator-block-size=4194304"
    "memorysetup-typetree-allocator-block-size=2097152"
    "memorysetup-profiler-bucket-allocator-granularity=16"
    "memorysetup-profiler-bucket-allocator-bucket-count=8"
    "memorysetup-profiler-bucket-allocator-block-size=33554432"
    "memorysetup-profiler-bucket-allocator-block-count=8"
    "memorysetup-profiler-allocator-block-size=16777216"
    "memorysetup-profiler-editor-allocator-block-size=1048576"
    "memorysetup-temp-allocator-size-main=16777216"
    "memorysetup-job-temp-allocator-block-size=2097152"
    "memorysetup-job-temp-allocator-block-size-background=1048576"
    "memorysetup-job-temp-allocator-reduction-small-platforms=262144"
    "memorysetup-temp-allocator-size-background-worker=32768"
    "memorysetup-temp-allocator-size-job-worker=262144"
    "memorysetup-temp-allocator-size-preload-manager=33554432"
    "memorysetup-temp-allocator-size-nav-mesh-worker=65536"
    "memorysetup-temp-allocator-size-audio-worker=65536"
    "memorysetup-temp-allocator-size-cloud-worker=32768"
    "memorysetup-temp-allocator-size-gi-baking-worker=262144"
    "memorysetup-temp-allocator-size-gfx=262144"
Refreshing native plugins compatible for Editor in 129.57 ms, found 3 plugins.
Preloading 0 native plugins for Editor in 0.00 ms.
Initialize engine version: 2021.3.4f1 (cb45f9cae8b7)
[Subsystems] Discovering subsystems at path C:/Program Files/Unity/Hub/Editor/2021.3.4f1/Editor/Data/Resources/UnitySubsystems
[Subsystems] Discovering subsystems at path C:/Users/karak/3D-RPG/Assets
GfxDevice: creating device client; threaded=0; jobified=0
Direct3D:
    Version:  Direct3D 11.0 [level 11.0]
    Renderer: NVIDIA GeForce GTX 960M (ID=0x139b)
    Vendor:   NVIDIA
    VRAM:     4055 MB
    Driver:   30.0.14.7212
Initialize mono
Mono path[0] = 'C:/Program Files/Unity/Hub/Editor/2021.3.4f1/Editor/Data/Managed'
Mono path[1] = 'C:/Program Files/Unity/Hub/Editor/2021.3.4f1/Editor/Data/MonoBleedingEdge/lib/mono/unityjit-win32'
Mono config path = 'C:/Program Files/Unity/Hub/Editor/2021.3.4f1/Editor/Data/MonoBleedingEdge/etc'
Using monoOptions --debugger-agent=transport=dt_socket,embedding=1,server=y,suspend=n,address=127.0.0.1:56656
Begin MonoManager ReloadAssembly
Registering precompiled unity dll's ...
Register platform support module: C:/Program Files/Unity/Hub/Editor/2021.3.4f1/Editor/Data/PlaybackEngines/WindowsStandaloneSupport/UnityEditor.WindowsStandalone.Extensions.dll
Registered in 0.010585 seconds.
Native extension for WindowsStandalone target not found
Refreshing native plugins compatible for Editor in 125.53 ms, found 3 plugins.
Preloading 0 native plugins for Editor in 0.00 ms.
Mono: successfully reloaded assembly
- Completed reload, in  0.889 seconds
Domain Reload Profiling:
	ReloadAssembly (890ms)
		BeginReloadAssembly (103ms)
			ExecutionOrderSort (0ms)
			DisableScriptedObjects (0ms)
			BackupInstance (0ms)
			ReleaseScriptingObjects (0ms)
			CreateAndSetChildDomain (1ms)
		EndReloadAssembly (611ms)
			LoadAssemblies (100ms)
			RebuildTransferFunctionScriptingTraits (0ms)
			SetupTypeCache (143ms)
			ReleaseScriptCaches (0ms)
			RebuildScriptCaches (40ms)
			SetupLoadedEditorAssemblies (359ms)
				LogAssemblyErrors (0ms)
				InitializePlatformSupportModulesInManaged (10ms)
				SetLoadedEditorAssemblies (0ms)
				RefreshPlugins (126ms)
				BeforeProcessingInitializeOnLoad (1ms)
				ProcessInitializeOnLoadAttributes (163ms)
				ProcessInitializeOnLoadMethodAttributes (59ms)
				AfterProcessingInitializeOnLoad (0ms)
				EditorAssembliesLoaded (0ms)
			ExecutionOrderSort2 (0ms)
			AwakeInstancesAfterBackupRestoration (0ms)
Platform modules already initialized, skipping
Registering precompiled user dll's ...
Registered in 0.011922 seconds.
Begin MonoManager ReloadAssembly
Symbol file LoadedFromMemory doesn't match image C:\Users\karak\3D-RPG\Library\PackageCache\com.unity.visualscripting@1.7.8\Editor\VisualScripting.Core\Dependencies\YamlDotNet\Unity.VisualScripting.YamlDotNet.dll
Symbol file LoadedFromMemory doesn't match image C:\Users\karak\3D-RPG\Library\PackageCache\com.unity.visualscripting@1.7.8\Editor\VisualScripting.Core\Dependencies\DotNetZip\Unity.VisualScripting.IonicZip.dll
Native extension for WindowsStandalone target not found
Refreshing native plugins compatible for Editor in 0.63 ms, found 3 plugins.
Preloading 0 native plugins for Editor in 0.00 ms.
Mono: successfully reloaded assembly
- Completed reload, in  1.467 seconds
Domain Reload Profiling:
	ReloadAssembly (1468ms)
		BeginReloadAssembly (149ms)
			ExecutionOrderSort (0ms)
			DisableScriptedObjects (7ms)
			BackupInstance (0ms)
			ReleaseScriptingObjects (0ms)
			CreateAndSetChildDomain (27ms)
		EndReloadAssembly (1149ms)
			LoadAssemblies (108ms)
			RebuildTransferFunctionScriptingTraits (0ms)
			SetupTypeCache (357ms)
			ReleaseScriptCaches (1ms)
			RebuildScriptCaches (73ms)
			SetupLoadedEditorAssemblies (555ms)
				LogAssemblyErrors (0ms)
				InitializePlatformSupportModulesInManaged (7ms)
				SetLoadedEditorAssemblies (1ms)
				RefreshPlugins (1ms)
				BeforeProcessingInitializeOnLoad (140ms)
				ProcessInitializeOnLoadAttributes (352ms)
				ProcessInitializeOnLoadMethodAttributes (41ms)
				AfterProcessingInitializeOnLoad (13ms)
				EditorAssembliesLoaded (0ms)
			ExecutionOrderSort2 (0ms)
			AwakeInstancesAfterBackupRestoration (9ms)
Platform modules already initialized, skipping
========================================================================
Worker process is ready to serve import requests
Launched and connected shader compiler UnityShaderCompiler.exe after 0.07 seconds
Refreshing native plugins compatible for Editor in 0.75 ms, found 3 plugins.
Preloading 0 native plugins for Editor in 0.00 ms.
Unloading 3602 Unused Serialized files (Serialized files now loaded: 0)
Unloading 40 unused Assets / (181.9 KB). Loaded Objects now: 4081.
Memory consumption went from 136.4 MB to 136.2 MB.
Total: 3.855400 ms (FindLiveObjects: 0.376600 ms CreateObjectMapping: 0.314300 ms MarkObjects: 3.014500 ms  DeleteObjects: 0.148700 ms)

AssetImportParameters requested are different than current active one (requested -> active):
  custom:video-decoder-ogg-theora: a1e56fd34408186e4bbccfd4996cb3dc -> 
  custom:container-muxer-webm: aa71ff27fc2769a1b78a27578f13a17b -> 
  custom:container-demuxer-webm: 4f35f7cbe854078d1ac9338744f61a02 -> 
  custom:video-encoder-webm-vp8: eb34c28f22e8b96e1ab97ce403110664 -> 
  custom:audio-encoder-webm-vorbis: bf7c407c2cedff20999df2af8eb42d56 -> 
  custom:framework-win-MediaFoundation: 216162199b28c13a410421893ffa2e32 -> 
  custom:container-demuxer-ogg: 62fdf1f143b41e24485cea50d1cbac27 -> 
  custom:video-decoder-webm-vp8: 9c59270c3fd7afecdb556c50c9e8de78 -> 
  custom:audio-decoder-ogg-vorbis: bf7c407c2cedff20999df2af8eb42d56 -> 
========================================================================
Received Import Request.
  Time since last request: 328183.013552 seconds.
  path: Assets/Game/Prefabs/Character.prefab
  artifactKey: Guid(1df9361e939455e47a5d387a8ce3a54e) Importer(815301076,1909f56bfc062723c751e8b465ee728b)
Start importing Assets/Game/Prefabs/Character.prefab using Guid(1df9361e939455e47a5d387a8ce3a54e) Importer(815301076,1909f56bfc062723c751e8b465ee728b)  -> (artifact id: '488aabefab8f2fc139a091c6db0ddd8a') in 0.075415 seconds 
========================================================================
Received Import Request.
  Time since last request: 0.382337 seconds.
  path: Assets/Game/Prefabs/Enemy.prefab
  artifactKey: Guid(002066ae185af41479cffa6aaa4f119e) Importer(815301076,1909f56bfc062723c751e8b465ee728b)
Start importing Assets/Game/Prefabs/Enemy.prefab using Guid(002066ae185af41479cffa6aaa4f119e) Importer(815301076,1909f56bfc062723c751e8b465ee728b)  -> (artifact id: '605a1d9b477bba2e6b8f6876a787334f') in 0.154146 seconds 
========================================================================
Received Import Request.
  Time since last request: 19.493549 seconds.
  path: Assets/Game/Core/Main Camera.prefab
  artifactKey: Guid(f675f85ced81a63499cfa498e6f808eb) Importer(815301076,1909f56bfc062723c751e8b465ee728b)
Start importing Assets/Game/Core/Main Camera.prefab using Guid(f675f85ced81a63499cfa498e6f808eb) Importer(815301076,1909f56bfc062723c751e8b465ee728b)  -> (artifact id: '1142a22845646ecd82458355fe780c65') in 0.017527 seconds 
========================================================================
Received Import Request.
  Time since last request: 1.138454 seconds.
  path: Assets/Game/Core/Follow Camera.prefab
  artifactKey: Guid(d8319c11f37c44a41846b678291bbbec) Importer(815301076,1909f56bfc062723c751e8b465ee728b)
Start importing Assets/Game/Core/Follow Camera.prefab using Guid(d8319c11f37c44a41846b678291bbbec) Importer(815301076,1909f56bfc062723c751e8b465ee728b)  -> (artifact id: '081efc807029cdd5dddb4fbf7f71b894') in 0.013156 seconds 
========================================================================
Received Import Request.
  Time since last request: 136.365360 seconds.
  path: Assets/Scenes/Sandbox 2.unity
  artifactKey: Guid(0e4d124891d6466459d98f8882d259a0) Importer(815301076,1909f56bfc062723c751e8b465ee728b)
Start importing Assets/Scenes/Sandbox 2.unity using Guid(0e4d124891d6466459d98f8882d259a0) Importer(815301076,1909f56bfc062723c751e8b465ee728b)  -> (artifact id: 'b436cdbafdac6943e00d77092424cdfa') in 0.010083 seconds 
========================================================================
Received Import Request.
  Time since last request: 517.729537 seconds.
  path: Assets/Asset Packs/Synty - Polygon Student Sample/Models/Characters_POLYGON_Knights.fbx
  artifactKey: Guid(d288a0e4a2d923b46898986e979da643) Importer(815301076,1909f56bfc062723c751e8b465ee728b)
Start importing Assets/Asset Packs/Synty - Polygon Student Sample/Models/Characters_POLYGON_Knights.fbx using Guid(d288a0e4a2d923b46898986e979da643) Importer(815301076,1909f56bfc062723c751e8b465ee728b)  -> (artifact id: '64e34343c3e54f95e74d7c6ef4bb98cb') in 0.187668 seconds 
========================================================================
Received Import Request.
  Time since last request: 1.385824 seconds.
  path: Assets/Asset Packs/BOXOPHOBIC/Skybox Cubemap Extended/Demo/Prefabs/LowPoly - Fence A.prefab
  artifactKey: Guid(dd3ee0c97aab8a7498c9292f3482f60b) Importer(815301076,1909f56bfc062723c751e8b465ee728b)
Start importing Assets/Asset Packs/BOXOPHOBIC/Skybox Cubemap Extended/Demo/Prefabs/LowPoly - Fence A.prefab using Guid(dd3ee0c97aab8a7498c9292f3482f60b) Importer(815301076,1909f56bfc062723c751e8b465ee728b)  -> (artifact id: '69877fd55e58b7b2a27d796cf272eb81') in 0.052645 seconds 
========================================================================
Received Import Request.
  Time since last request: 0.440458 seconds.
  path: Assets/Asset Packs/BOXOPHOBIC/Skybox Cubemap Extended/Demo/Prefabs/LowPoly - Fence B.prefab
  artifactKey: Guid(b4974e3ae06d3d245a8353b888faed9d) Importer(815301076,1909f56bfc062723c751e8b465ee728b)
Start importing Assets/Asset Packs/BOXOPHOBIC/Skybox Cubemap Extended/Demo/Prefabs/LowPoly - Fence B.prefab using Guid(b4974e3ae06d3d245a8353b888faed9d) Importer(815301076,1909f56bfc062723c751e8b465ee728b)  -> (artifact id: '165c7b2c152316a5cf0e7b908272a6a2') in 0.045979 seconds 
========================================================================
Received Import Request.
  Time since last request: 0.000025 seconds.
  path: Assets/Asset Packs/BOXOPHOBIC/Skybox Cubemap Extended/Demo/Prefabs/LowPoly - Grass A.prefab
  artifactKey: Guid(9b6eba5dea9e77a4abd8f45df1ffffb6) Importer(815301076,1909f56bfc062723c751e8b465ee728b)
Start importing Assets/Asset Packs/BOXOPHOBIC/Skybox Cubemap Extended/Demo/Prefabs/LowPoly - Grass A.prefab using Guid(9b6eba5dea9e77a4abd8f45df1ffffb6) Importer(815301076,1909f56bfc062723c751e8b465ee728b)  -> (artifact id: 'ffea90f0e8b29bcec2ec071a0c0e7a66') in 0.038389 seconds 
========================================================================
Received Import Request.
  Time since last request: 0.000033 seconds.
  path: Assets/Asset Packs/BOXOPHOBIC/Skybox Cubemap Extended/Demo/Prefabs/LowPoly - FirTree A.prefab
  artifactKey: Guid(6b444276162548b4e9107350b71e775a) Importer(815301076,1909f56bfc062723c751e8b465ee728b)
Start importing Assets/Asset Packs/BOXOPHOBIC/Skybox Cubemap Extended/Demo/Prefabs/LowPoly - FirTree A.prefab using Guid(6b444276162548b4e9107350b71e775a) Importer(815301076,1909f56bfc062723c751e8b465ee728b)  -> (artifact id: 'bd7125dfba50b93323145e7d54ecfc3f') in 0.040258 seconds 
========================================================================
Received Import Request.
  Time since last request: 0.000039 seconds.
  path: Assets/Asset Packs/BOXOPHOBIC/Skybox Cubemap Extended/Demo/Meshes/LowPoly - FirTree B.FBX
  artifactKey: Guid(769d335a9d1fc3948bfb71adea34202c) Importer(815301076,1909f56bfc062723c751e8b465ee728b)
Start importing Assets/Asset Packs/BOXOPHOBIC/Skybox Cubemap Extended/Demo/Meshes/LowPoly - FirTree B.FBX using Guid(769d335a9d1fc3948bfb71adea34202c) Importer(815301076,1909f56bfc062723c751e8b465ee728b)  -> (artifact id: 'b85efc8802c373e2d2c5f933bb185720') in 0.032409 seconds 
========================================================================
Received Import Request.
  Time since last request: 5.207943 seconds.
  path: Assets/Asset Packs/Synty - Polygon Student Sample/Models/SM_Bld_Village_02.fbx
  artifactKey: Guid(7cdd4aad661174e418cd81a99eccb1bc) Importer(815301076,1909f56bfc062723c751e8b465ee728b)
Start importing Assets/Asset Packs/Synty - Polygon Student Sample/Models/SM_Bld_Village_02.fbx using Guid(7cdd4aad661174e418cd81a99eccb1bc) Importer(815301076,1909f56bfc062723c751e8b465ee728b)  -> (artifact id: 'c8ab29069ffcb3957c17829bb8b3216a') in 0.052016 seconds 
========================================================================
Received Import Request.
  Time since last request: 0.000040 seconds.
  path: Assets/Asset Packs/Synty - Polygon Student Sample/Prefabs/SM_Env_Bush_01.prefab
  artifactKey: Guid(f7e91e1d54c5ad64f8125310343f0d30) Importer(815301076,1909f56bfc062723c751e8b465ee728b)
Start importing Assets/Asset Packs/Synty - Polygon Student Sample/Prefabs/SM_Env_Bush_01.prefab using Guid(f7e91e1d54c5ad64f8125310343f0d30) Importer(815301076,1909f56bfc062723c751e8b465ee728b)  -> (artifact id: '4efd079f83c4736991c76457bc004e6b') in 0.028972 seconds 
========================================================================
Received Import Request.
  Time since last request: 0.000037 seconds.
  path: Assets/Asset Packs/Synty - Polygon Student Sample/Models/SM_Env_FloorTile_01.fbx
  artifactKey: Guid(559a8d06c693aea4abc7298adcde2f04) Importer(815301076,1909f56bfc062723c751e8b465ee728b)
Start importing Assets/Asset Packs/Synty - Polygon Student Sample/Models/SM_Env_FloorTile_01.fbx using Guid(559a8d06c693aea4abc7298adcde2f04) Importer(815301076,1909f56bfc062723c751e8b465ee728b)  -> (artifact id: '3f483a6db8c1e7fae1e67b40448654d6') in 0.035669 seconds 
========================================================================
Received Import Request.
  Time since last request: 0.000047 seconds.
  path: Assets/Asset Packs/Synty - Polygon Student Sample/Models/SM_Env_FloorTile_05.fbx
  artifactKey: Guid(57866f6a7e7c90341bd0cf0d03e1831a) Importer(815301076,1909f56bfc062723c751e8b465ee728b)
Start importing Assets/Asset Packs/Synty - Polygon Student Sample/Models/SM_Env_FloorTile_05.fbx using Guid(57866f6a7e7c90341bd0cf0d03e1831a) Importer(815301076,1909f56bfc062723c751e8b465ee728b)  -> (artifact id: '6b080c7858c222322656aceaaceda9d1') in 0.034793 seconds 
========================================================================
Received Import Request.
  Time since last request: 0.000032 seconds.
  path: Assets/Asset Packs/Synty - Polygon Student Sample/Prefabs/SM_Env_Hill_01.prefab
  artifactKey: Guid(df5b94a5c7b01ae4da71fe5dd12ddcad) Importer(815301076,1909f56bfc062723c751e8b465ee728b)
Start importing Assets/Asset Packs/Synty - Polygon Student Sample/Prefabs/SM_Env_Hill_01.prefab using Guid(df5b94a5c7b01ae4da71fe5dd12ddcad) Importer(815301076,1909f56bfc062723c751e8b465ee728b)  -> (artifact id: 'f873e1edc13b150b467f09129ec494d7') in 0.033755 seconds 
========================================================================
Received Import Request.
  Time since last request: 0.000041 seconds.
  path: Assets/Asset Packs/Synty - Polygon Student Sample/Models/SM_Env_Grass_01.fbx
  artifactKey: Guid(aaca44a3eca756c419ccc26430c2a062) Importer(815301076,1909f56bfc062723c751e8b465ee728b)
Start importing Assets/Asset Packs/Synty - Polygon Student Sample/Models/SM_Env_Grass_01.fbx using Guid(aaca44a3eca756c419ccc26430c2a062) Importer(815301076,1909f56bfc062723c751e8b465ee728b)  -> (artifact id: '1245761102d0a6526a452ba22f666f93') in 0.024924 seconds 
========================================================================
Received Import Request.
  Time since last request: 0.000074 seconds.
  path: Assets/Asset Packs/Synty - Polygon Student Sample/Prefabs/SM_Env_GroundMounds_01.prefab
  artifactKey: Guid(067161ae46386c14c842800eb27cf27b) Importer(815301076,1909f56bfc062723c751e8b465ee728b)
Start importing Assets/Asset Packs/Synty - Polygon Student Sample/Prefabs/SM_Env_GroundMounds_01.prefab using Guid(067161ae46386c14c842800eb27cf27b) Importer(815301076,1909f56bfc062723c751e8b465ee728b)  -> (artifact id: '8ea1fb7885bdaab4a33e0fae8c3fe3b5') in 0.018562 seconds 
========================================================================
Received Import Request.
  Time since last request: 0.000027 seconds.
  path: Assets/Asset Packs/Synty - Polygon Student Sample/Models/SM_Env_Hill_01.fbx
  artifactKey: Guid(431b36823ded13045a11c1a72a569697) Importer(815301076,1909f56bfc062723c751e8b465ee728b)
Start importing Assets/Asset Packs/Synty - Polygon Student Sample/Models/SM_Env_Hill_01.fbx using Guid(431b36823ded13045a11c1a72a569697) Importer(815301076,1909f56bfc062723c751e8b465ee728b)  -> (artifact id: '6a7460f44e11c82029f15bfc2f0939d9') in 0.027971 seconds 
========================================================================
Received Import Request.
  Time since last request: 0.000025 seconds.
  path: Assets/Asset Packs/Synty - Polygon Student Sample/Models/SM_Bld_House_Door_02.fbx
  artifactKey: Guid(a611913609580724f9fa93d94babf25f) Importer(815301076,1909f56bfc062723c751e8b465ee728b)
Start importing Assets/Asset Packs/Synty - Polygon Student Sample/Models/SM_Bld_House_Door_02.fbx using Guid(a611913609580724f9fa93d94babf25f) Importer(815301076,1909f56bfc062723c751e8b465ee728b)  -> (artifact id: 'b7a393efb8683ccc80cf1657c82a7f33') in 0.038176 seconds 
========================================================================
Received Import Request.
  Time since last request: 0.000057 seconds.
  path: Assets/Asset Packs/Synty - Polygon Student Sample/Models/SM_Bld_Hut_01.fbx
  artifactKey: Guid(92f411609fca4d74d98af8e1bd1d4732) Importer(815301076,1909f56bfc062723c751e8b465ee728b)
Start importing Assets/Asset Packs/Synty - Polygon Student Sample/Models/SM_Bld_Hut_01.fbx using Guid(92f411609fca4d74d98af8e1bd1d4732) Importer(815301076,1909f56bfc062723c751e8b465ee728b)  -> (artifact id: '3882b1c5f7c0de8df45e7f818c97e68b') in 0.027858 seconds 
========================================================================
Received Import Request.
  Time since last request: 1.258821 seconds.
  path: Assets/Asset Packs/Synty - Polygon Student Sample/Models/SM_Bld_Fence_02.fbx
  artifactKey: Guid(9ada23a6ef88d194e832263f906fb0af) Importer(815301076,1909f56bfc062723c751e8b465ee728b)
Start importing Assets/Asset Packs/Synty - Polygon Student Sample/Models/SM_Bld_Fence_02.fbx using Guid(9ada23a6ef88d194e832263f906fb0af) Importer(815301076,1909f56bfc062723c751e8b465ee728b)  -> (artifact id: '8807171855bf0e5b4e12c723d7d1d8e2') in 0.041381 seconds 
========================================================================
Received Import Request.
  Time since last request: 0.500449 seconds.
  path: Assets/Asset Packs/Animations by Explosive/Armed/RPG-Character@Armed-Death1.FBX
  artifactKey: Guid(9a26352c93a81e947b73b8e47cc931bb) Importer(815301076,1909f56bfc062723c751e8b465ee728b)
Start importing Assets/Asset Packs/Animations by Explosive/Armed/RPG-Character@Armed-Death1.FBX using Guid(9a26352c93a81e947b73b8e47cc931bb) Importer(815301076,1909f56bfc062723c751e8b465ee728b)  -> (artifact id: '308f603009f9815421ed9bca5964ecbd') in 0.071601 seconds 
========================================================================
Received Import Request.
  Time since last request: 0.000059 seconds.
  path: Assets/Asset Packs/Animations by Explosive/2Hand-Spear/RPG-Character@2Hand-Spear-Attack3.FBX
  artifactKey: Guid(a6f24ea0d237f8343b0f2dbf85371542) Importer(815301076,1909f56bfc062723c751e8b465ee728b)
Start importing Assets/Asset Packs/Animations by Explosive/2Hand-Spear/RPG-Character@2Hand-Spear-Attack3.FBX using Guid(a6f24ea0d237f8343b0f2dbf85371542) Importer(815301076,1909f56bfc062723c751e8b465ee728b)  -> (artifact id: 'e669a6cc70224b6a392abbe1cc59fc3b') in 0.070687 seconds 
========================================================================
Received Import Request.
  Time since last request: 0.000079 seconds.
  path: Assets/Asset Packs/Animations by Explosive/2Hand-Club/RPG-Character@2Hand-Club-Attack8.FBX
  artifactKey: Guid(431be525a743d9a44bd889d99f039ec6) Importer(815301076,1909f56bfc062723c751e8b465ee728b)
Start importing Assets/Asset Packs/Animations by Explosive/2Hand-Club/RPG-Character@2Hand-Club-Attack8.FBX using Guid(431be525a743d9a44bd889d99f039ec6) Importer(815301076,1909f56bfc062723c751e8b465ee728b)  -> (artifact id: '2fcff41dd0e91a6636f4c6904b272bc5') in 0.071643 seconds 
========================================================================
Received Import Request.
  Time since last request: 0.000039 seconds.
  path: Assets/Asset Packs/Animations by Explosive/2Hand-Spear/RPG-Character@2Hand-Spear-Attack2.FBX
  artifactKey: Guid(27eda9f3f990c6840a532a06a17f6e15) Importer(815301076,1909f56bfc062723c751e8b465ee728b)
Start importing Assets/Asset Packs/Animations by Explosive/2Hand-Spear/RPG-Character@2Hand-Spear-Attack2.FBX using Guid(27eda9f3f990c6840a532a06a17f6e15) Importer(815301076,1909f56bfc062723c751e8b465ee728b)  -> (artifact id: 'b2f3b2a5a0b612ec6aadb83cda7f30e4') in 0.069450 seconds 
========================================================================
Received Import Request.
  Time since last request: 1.732816 seconds.
  path: Assets/Asset Packs/Synty - Polygon Student Sample/Models/SM_Env_Rock_015.fbx
  artifactKey: Guid(48d22365cdab5f74ea87a1f8df0d4ff4) Importer(815301076,1909f56bfc062723c751e8b465ee728b)
Start importing Assets/Asset Packs/Synty - Polygon Student Sample/Models/SM_Env_Rock_015.fbx using Guid(48d22365cdab5f74ea87a1f8df0d4ff4) Importer(815301076,1909f56bfc062723c751e8b465ee728b)  -> (artifact id: '16da4175c70bbcecd189b21a76477631') in 0.034366 seconds 
========================================================================
Received Import Request.
  Time since last request: 0.021372 seconds.
  path: Assets/Asset Packs/Synty - Polygon Student Sample/Models/SM_Env_Tile_Grass_01.fbx
  artifactKey: Guid(6f89b704fb389db48aafe49efde83db6) Importer(815301076,1909f56bfc062723c751e8b465ee728b)
Start importing Assets/Asset Packs/Synty - Polygon Student Sample/Models/SM_Env_Tile_Grass_01.fbx using Guid(6f89b704fb389db48aafe49efde83db6) Importer(815301076,1909f56bfc062723c751e8b465ee728b)  -> (artifact id: '9c083951d74940475f2ce995f3a23b35') in 0.038612 seconds 
========================================================================
Received Import Request.
  Time since last request: 1.557035 seconds.
  path: Assets/Asset Packs/Synty - Polygon Student Sample/Prefabs/SM_Env_Tree_010.prefab
  artifactKey: Guid(d556d30cab334dd449000218c87322ef) Importer(815301076,1909f56bfc062723c751e8b465ee728b)
Start importing Assets/Asset Packs/Synty - Polygon Student Sample/Prefabs/SM_Env_Tree_010.prefab using Guid(d556d30cab334dd449000218c87322ef) Importer(815301076,1909f56bfc062723c751e8b465ee728b)  -> (artifact id: '0c8905b7440450087b97c563703857d4') in 0.035751 seconds 
========================================================================
Received Import Request.
  Time since last request: 0.000038 seconds.
  path: Assets/Asset Packs/Synty - Polygon Student Sample/Prefabs/SM_Env_TreeLog_01.prefab
  artifactKey: Guid(e0bcb36554be1124b8a89d63037350be) Importer(815301076,1909f56bfc062723c751e8b465ee728b)
Start importing Assets/Asset Packs/Synty - Polygon Student Sample/Prefabs/SM_Env_TreeLog_01.prefab using Guid(e0bcb36554be1124b8a89d63037350be) Importer(815301076,1909f56bfc062723c751e8b465ee728b)  -> (artifact id: '2fdbdc78d2150e43dd574960504f8b3e') in 0.022480 seconds 
========================================================================
Received Import Request.
  Time since last request: 0.793462 seconds.
  path: Assets/Asset Packs/Synty - Polygon Student Sample/Models/SM_Env_TreeLog_01.fbx
  artifactKey: Guid(58f050ea18787f74592ff7c8933b5b2f) Importer(815301076,1909f56bfc062723c751e8b465ee728b)
Start importing Assets/Asset Packs/Synty - Polygon Student Sample/Models/SM_Env_TreeLog_01.fbx using Guid(58f050ea18787f74592ff7c8933b5b2f) Importer(815301076,1909f56bfc062723c751e8b465ee728b)  -> (artifact id: '5e77670cd2b90432a078c51fbbe896d5') in 0.040229 seconds 
========================================================================
Received Import Request.
  Time since last request: 0.876317 seconds.
  path: Assets/Asset Packs/Synty - Polygon Student Sample/Models/SM_Prop_Crate_01.fbx
  artifactKey: Guid(b63a43da9ab50d847ad7383d9176deb6) Importer(815301076,1909f56bfc062723c751e8b465ee728b)
Start importing Assets/Asset Packs/Synty - Polygon Student Sample/Models/SM_Prop_Crate_01.fbx using Guid(b63a43da9ab50d847ad7383d9176deb6) Importer(815301076,1909f56bfc062723c751e8b465ee728b)  -> (artifact id: '8398135c97fac281b6c3676a9c1ee2be') in 0.021311 seconds 
========================================================================
Received Import Request.
  Time since last request: 0.000053 seconds.
  path: Assets/Asset Packs/Synty - Polygon Student Sample/Models/SM_Prop_Pumpkin_01.fbx
  artifactKey: Guid(d671f15d904c3f64e8c432542700c1f4) Importer(815301076,1909f56bfc062723c751e8b465ee728b)
Start importing Assets/Asset Packs/Synty - Polygon Student Sample/Models/SM_Prop_Pumpkin_01.fbx using Guid(d671f15d904c3f64e8c432542700c1f4) Importer(815301076,1909f56bfc062723c751e8b465ee728b)  -> (artifact id: '9863a3728535bdbbede93dd3920986dd') in 0.022954 seconds 
========================================================================
Received Import Request.
  Time since last request: 0.036640 seconds.
  path: Assets/Asset Packs/Synty - Polygon Student Sample/Models/SM_Wep_Rapier_01.fbx
  artifactKey: Guid(add7cae5f34ba314aabdb7fc42a46c39) Importer(815301076,1909f56bfc062723c751e8b465ee728b)
Start importing Assets/Asset Packs/Synty - Polygon Student Sample/Models/SM_Wep_Rapier_01.fbx using Guid(add7cae5f34ba314aabdb7fc42a46c39) Importer(815301076,1909f56bfc062723c751e8b465ee728b)  -> (artifact id: '0049e5230a29e25e63e292f45f5ea66e') in 0.032075 seconds 
========================================================================
Received Import Request.
  Time since last request: 4.669010 seconds.
  path: Assets/Asset Packs/Synty - Polygon Student Sample/Prefabs/SM_Wep_Sword_01.prefab
  artifactKey: Guid(13af847dfa6dbe844ba4b7c902f98f67) Importer(815301076,1909f56bfc062723c751e8b465ee728b)
Start importing Assets/Asset Packs/Synty - Polygon Student Sample/Prefabs/SM_Wep_Sword_01.prefab using Guid(13af847dfa6dbe844ba4b7c902f98f67) Importer(815301076,1909f56bfc062723c751e8b465ee728b)  -> (artifact id: '63634f945edd676e6758c46d8ba7028f') in 0.027778 seconds 
========================================================================
Received Import Request.
  Time since last request: 11.127479 seconds.
  path: Assets/Asset Packs/BOXOPHOBIC/Skybox Cubemap Extended/Demo/Meshes/LowPoly - Grass B.FBX
  artifactKey: Guid(0860e6fc68e57ae48b5ae6e854f8f6b1) Importer(815301076,1909f56bfc062723c751e8b465ee728b)
Start importing Assets/Asset Packs/BOXOPHOBIC/Skybox Cubemap Extended/Demo/Meshes/LowPoly - Grass B.FBX using Guid(0860e6fc68e57ae48b5ae6e854f8f6b1) Importer(815301076,1909f56bfc062723c751e8b465ee728b)  -> (artifact id: 'bd01944ba9705ab5c0a0c7a3bb4fd03f') in 0.032814 seconds 
========================================================================
Received Import Request.
  Time since last request: 0.000031 seconds.
  path: Assets/Asset Packs/BOXOPHOBIC/Skybox Cubemap Extended/Demo/Meshes/LowPoly - Rock B.FBX
  artifactKey: Guid(3ecc1e70424b33546b2dc73bb30a5163) Importer(815301076,1909f56bfc062723c751e8b465ee728b)
Start importing Assets/Asset Packs/BOXOPHOBIC/Skybox Cubemap Extended/Demo/Meshes/LowPoly - Rock B.FBX using Guid(3ecc1e70424b33546b2dc73bb30a5163) Importer(815301076,1909f56bfc062723c751e8b465ee728b)  -> (artifact id: '45da80b8964c8f3fe8ecd6de1fde34f0') in 0.039396 seconds 
========================================================================
Received Import Request.
  Time since last request: 0.000061 seconds.
  path: Assets/Asset Packs/BOXOPHOBIC/Skybox Cubemap Extended/Demo/Prefabs/LowPoly - Rock B.prefab
  artifactKey: Guid(b0622c7c0ff092b46a37f31c718c5eba) Importer(815301076,1909f56bfc062723c751e8b465ee728b)
Start importing Assets/Asset Packs/BOXOPHOBIC/Skybox Cubemap Extended/Demo/Prefabs/LowPoly - Rock B.prefab using Guid(b0622c7c0ff092b46a37f31c718c5eba) Importer(815301076,1909f56bfc062723c751e8b465ee728b)  -> (artifact id: '4972444b84c0df8fb2e675fb12f0da22') in 0.021024 seconds 
========================================================================
Received Import Request.
  Time since last request: 209.486127 seconds.
  path: Assets/Asset Packs/Synty - Polygon Student Sample/Textures
  artifactKey: Guid(69f0c89bdffd4d046a658488a10c71a9) Importer(815301076,1909f56bfc062723c751e8b465ee728b)
Start importing Assets/Asset Packs/Synty - Polygon Student Sample/Textures using Guid(69f0c89bdffd4d046a658488a10c71a9) Importer(815301076,1909f56bfc062723c751e8b465ee728b)  -> (artifact id: '32d505eed7d1fa53584eecc581d229b1') in 0.010344 seconds 
========================================================================
Received Import Request.
  Time since last request: 360.138965 seconds.
  path: Assets/Game/Core/Main Camera.prefab
  artifactKey: Guid(f675f85ced81a63499cfa498e6f808eb) Importer(815301076,1909f56bfc062723c751e8b465ee728b)
Start importing Assets/Game/Core/Main Camera.prefab using Guid(f675f85ced81a63499cfa498e6f808eb) Importer(815301076,1909f56bfc062723c751e8b465ee728b)  -> (artifact id: '2c240b23f5ae5b33619a0a8e7015d697') in 0.007513 seconds 
========================================================================
Received Import Request.
  Time since last request: 114.894405 seconds.
  path: Assets/Scenes/SampleScene.unity
  artifactKey: Guid(9fc0d4010bbf28b4594072e72b8655ab) Importer(815301076,1909f56bfc062723c751e8b465ee728b)
Start importing Assets/Scenes/SampleScene.unity using Guid(9fc0d4010bbf28b4594072e72b8655ab) Importer(815301076,1909f56bfc062723c751e8b465ee728b)  -> (artifact id: '36c90c4ba62ed13be37aa5fd36359ec7') in 0.009968 seconds 
========================================================================
Received Import Request.
  Time since last request: 27.776321 seconds.
  path: Assets/Scenes/Sandbox 2.unity
  artifactKey: Guid(0e4d124891d6466459d98f8882d259a0) Importer(815301076,1909f56bfc062723c751e8b465ee728b)
Start importing Assets/Scenes/Sandbox 2.unity using Guid(0e4d124891d6466459d98f8882d259a0) Importer(815301076,1909f56bfc062723c751e8b465ee728b)  -> (artifact id: '20e6b0100f097aa43403db77e8bf9d54') in 0.007050 seconds 
========================================================================
Received Import Request.
  Time since last request: 818.624412 seconds.
  path: Assets/Asset Packs/Synty - Polygon Student Sample/Materials/Texture_01.mat
  artifactKey: Guid(2658f55e20ebd064cb38049d0de94568) Importer(815301076,1909f56bfc062723c751e8b465ee728b)
Start importing Assets/Asset Packs/Synty - Polygon Student Sample/Materials/Texture_01.mat using Guid(2658f55e20ebd064cb38049d0de94568) Importer(815301076,1909f56bfc062723c751e8b465ee728b)  -> (artifact id: '1e7eb97cfdc8f32ab858a6dd2ba8d3fc') in 0.073975 seconds 
========================================================================
Received Import Request.
  Time since last request: 0.000045 seconds.
  path: Assets/Asset Packs/Synty - Polygon Student Sample/Materials/PolyVikings_Material_01.mat
  artifactKey: Guid(eb83b2b658dfc194e8b26c4421e3c748) Importer(815301076,1909f56bfc062723c751e8b465ee728b)
Start importing Assets/Asset Packs/Synty - Polygon Student Sample/Materials/PolyVikings_Material_01.mat using Guid(eb83b2b658dfc194e8b26c4421e3c748) Importer(815301076,1909f56bfc062723c751e8b465ee728b)  -> (artifact id: '1f2fb38b6d25bc448c516772f628ca85') in 0.032423 seconds 
========================================================================
Received Import Request.
  Time since last request: 260.524199 seconds.
  path: Assets/New Terrain 1.asset
  artifactKey: Guid(4d72de2e99d768d45bca7b8419937418) Importer(815301076,1909f56bfc062723c751e8b465ee728b)
Start importing Assets/New Terrain 1.asset using Guid(4d72de2e99d768d45bca7b8419937418) Importer(815301076,1909f56bfc062723c751e8b465ee728b) The tree SM_Env_Tree_010 must use the Nature/Soft Occlusion shader. Otherwise billboarding/lighting will not work correctly.
The tree SM_Env_Tree_03 must use the Nature/Soft Occlusion shader. Otherwise billboarding/lighting will not work correctly.
 -> (artifact id: '535216e3fc0768ad62e370d20b7b3f4b') in 0.084233 seconds 
========================================================================
Received Import Request.
  Time since last request: 0.371992 seconds.
  path: Assets/New Terrain.asset
  artifactKey: Guid(1a1176d4c299e99498fdb35b9e6e701f) Importer(815301076,1909f56bfc062723c751e8b465ee728b)
Start importing Assets/New Terrain.asset using Guid(1a1176d4c299e99498fdb35b9e6e701f) Importer(815301076,1909f56bfc062723c751e8b465ee728b) The tree SM_Env_Tree_010 must use the Nature/Soft Occlusion shader. Otherwise billboarding/lighting will not work correctly.
The tree SM_Env_Tree_03 must use the Nature/Soft Occlusion shader. Otherwise billboarding/lighting will not work correctly.
 -> (artifact id: '839a2e55c68c16842eedd21f90d06b96') in 0.077427 seconds 
========================================================================
Received Import Request.
  Time since last request: 38.026218 seconds.
  path: Assets/Sandbox2 Terrain.asset
  artifactKey: Guid(4d72de2e99d768d45bca7b8419937418) Importer(815301076,1909f56bfc062723c751e8b465ee728b)
Start importing Assets/Sandbox2 Terrain.asset using Guid(4d72de2e99d768d45bca7b8419937418) Importer(815301076,1909f56bfc062723c751e8b465ee728b) The tree SM_Env_Tree_010 must use the Nature/Soft Occlusion shader. Otherwise billboarding/lighting will not work correctly.
The tree SM_Env_Tree_03 must use the Nature/Soft Occlusion shader. Otherwise billboarding/lighting will not work correctly.
 -> (artifact id: '99b8adb7681bb76bfd01240ee5f79b4b') in 0.036628 seconds 
========================================================================
Received Import Request.
  Time since last request: 21.147428 seconds.
  path: Assets/Sample Level Terrain.asset
  artifactKey: Guid(1a1176d4c299e99498fdb35b9e6e701f) Importer(815301076,1909f56bfc062723c751e8b465ee728b)
Start importing Assets/Sample Level Terrain.asset using Guid(1a1176d4c299e99498fdb35b9e6e701f) Importer(815301076,1909f56bfc062723c751e8b465ee728b) The tree SM_Env_Tree_010 must use the Nature/Soft Occlusion shader. Otherwise billboarding/lighting will not work correctly.
The tree SM_Env_Tree_03 must use the Nature/Soft Occlusion shader. Otherwise billboarding/lighting will not work correctly.
 -> (artifact id: 'bf00f7d5b15809c7cfee0efe26cf9aeb') in 0.038855 seconds 
